<?xml version="1.0" encoding="UTF-8" ?>
<testsuite tests="11" failures="0" name="com.amazon.RunnerTest" time="0.009" errors="0" skipped="0">
  <properties>
[...]
</properties>
  <testcase classname="Scenario: Veriy title" name="When The user is on the home page" time="0.003"/>
  <testcase classname="Scenario: Veriy title" name="Then Verify page title" time="0"/>
  <testcase classname="Scenario: Veriy title" name="Scenario: Veriy title" time="0.006"/>
  <testcase classname="Scenario: Successful Login" name="Given The user is on the website page" time="0"/>
  <testcase classname="Scenario: Successful Login" name="When user clicks on the Login button" time="0"/>
  <testcase classname="Scenario: Successful Login" name="And user enter email" time="0"/>
  <testcase classname="Scenario: Successful Login" name="And clicks on continue" time="0"/>
  <testcase classname="Scenario: Successful Login" name="And user enter password" time="0"/>
  <testcase classname="Scenario: Successful Login" name="And user click on Login" time="0"/>
  <testcase classname="Scenario: Successful Login" name="Then user should be logged into the application" time="0"/>
  <testcase classname="Scenario: Successful Login" name="Scenario: Successful Login" time="0"/>
</testsuite>